0 info it worked if it ends with ok
1 verbose cli [ 'node', '/usr/local/bin/npm', 'install', 'commander', '--save' ]
2 info using npm@1.4.28
3 info using node@v0.10.33
4 verbose readDependencies using package.json deps
5 verbose cache add [ 'commander', null ]
6 verbose cache add name=undefined spec="commander" args=["commander",null]
7 verbose parsed url { protocol: null,
7 verbose parsed url   slashes: null,
7 verbose parsed url   auth: null,
7 verbose parsed url   host: null,
7 verbose parsed url   port: null,
7 verbose parsed url   hostname: null,
7 verbose parsed url   hash: null,
7 verbose parsed url   search: null,
7 verbose parsed url   query: null,
7 verbose parsed url   pathname: 'commander',
7 verbose parsed url   path: 'commander',
7 verbose parsed url   href: 'commander' }
8 silly lockFile bb8e5f5d-commander commander
9 verbose lock commander /Users/mike.mclaren/.npm/bb8e5f5d-commander.lock
10 silly lockFile bb8e5f5d-commander commander
11 silly lockFile bb8e5f5d-commander commander
12 verbose addNamed [ 'commander', '' ]
13 verbose addNamed [ null, '*' ]
14 silly lockFile e5c00f5a-commander commander@
15 verbose lock commander@ /Users/mike.mclaren/.npm/e5c00f5a-commander.lock
16 silly addNameRange { name: 'commander', range: '*', hasData: false }
17 verbose request where is /commander
18 verbose request registry https://registry.npmjs.org/
19 verbose request id cbb9ed648581a8ee
20 verbose url raw /commander
21 verbose url resolving [ 'https://registry.npmjs.org/', './commander' ]
22 verbose url resolved https://registry.npmjs.org/commander
23 verbose request where is https://registry.npmjs.org/commander
24 info trying registry request attempt 1 at 14:54:49
25 verbose etag "BFO1ITGMS17G3OWZZNBY72OJK"
26 http GET https://registry.npmjs.org/commander
27 http 200 https://registry.npmjs.org/commander
28 silly registry.get cb [ 200,
28 silly registry.get   { date: 'Thu, 18 Dec 2014 20:54:49 GMT',
28 silly registry.get     server: 'CouchDB/1.5.0 (Erlang OTP/R16B03)',
28 silly registry.get     etag: '"BWA1QTD1DTPPURZBNUAMO81GD"',
28 silly registry.get     'content-type': 'application/json',
28 silly registry.get     'cache-control': 'max-age=60',
28 silly registry.get     'content-length': '47642',
28 silly registry.get     'accept-ranges': 'bytes',
28 silly registry.get     via: '1.1 varnish',
28 silly registry.get     age: '58',
28 silly registry.get     'x-served-by': 'cache-ord1735-ORD',
28 silly registry.get     'x-cache': 'HIT',
28 silly registry.get     'x-cache-hits': '2',
28 silly registry.get     'x-timer': 'S1418936089.709413,VS0,VE0',
28 silly registry.get     vary: 'Accept',
28 silly registry.get     'keep-alive': 'timeout=10, max=50',
28 silly registry.get     connection: 'Keep-Alive' } ]
29 silly addNameRange number 2 { name: 'commander', range: '*', hasData: true }
30 silly addNameRange versions [ 'commander',
30 silly addNameRange   [ '0.0.1',
30 silly addNameRange     '0.0.3',
30 silly addNameRange     '0.0.4',
30 silly addNameRange     '0.0.5',
30 silly addNameRange     '0.1.0',
30 silly addNameRange     '0.2.0',
30 silly addNameRange     '0.2.1',
30 silly addNameRange     '0.3.0',
30 silly addNameRange     '0.3.1',
30 silly addNameRange     '0.3.2',
30 silly addNameRange     '0.3.3',
30 silly addNameRange     '0.4.0',
30 silly addNameRange     '0.4.1',
30 silly addNameRange     '0.4.2',
30 silly addNameRange     '0.4.3',
30 silly addNameRange     '0.5.0',
30 silly addNameRange     '0.5.1',
30 silly addNameRange     '0.6.0',
30 silly addNameRange     '0.6.1',
30 silly addNameRange     '0.5.2',
30 silly addNameRange     '1.0.0',
30 silly addNameRange     '1.0.1',
30 silly addNameRange     '1.0.2',
30 silly addNameRange     '1.0.3',
30 silly addNameRange     '1.0.4',
30 silly addNameRange     '1.0.5',
30 silly addNameRange     '1.1.0',
30 silly addNameRange     '1.1.1',
30 silly addNameRange     '1.2.0',
30 silly addNameRange     '1.3.0',
30 silly addNameRange     '1.3.1',
30 silly addNameRange     '1.3.2',
30 silly addNameRange     '2.0.0',
30 silly addNameRange     '2.1.0',
30 silly addNameRange     '2.2.0',
30 silly addNameRange     '2.3.0',
30 silly addNameRange     '2.4.0',
30 silly addNameRange     '2.5.0',
30 silly addNameRange     '2.5.1' ] ]
31 verbose addNamed [ 'commander', '2.5.1' ]
32 verbose addNamed [ '2.5.1', '2.5.1' ]
33 silly lockFile 68bccb41-commander-2-5-1 commander@2.5.1
34 verbose lock commander@2.5.1 /Users/mike.mclaren/.npm/68bccb41-commander-2-5-1.lock
35 silly lockFile 542373fc-rg-commander-commander-2-5-1-tgz https://registry.npmjs.org/commander/-/commander-2.5.1.tgz
36 verbose lock https://registry.npmjs.org/commander/-/commander-2.5.1.tgz /Users/mike.mclaren/.npm/542373fc-rg-commander-commander-2-5-1-tgz.lock
37 verbose addRemoteTarball [ 'https://registry.npmjs.org/commander/-/commander-2.5.1.tgz',
37 verbose addRemoteTarball   '23c61f6e47be143cc02e7ad4bb1c47f5cd5a2883' ]
38 info retry fetch attempt 1 at 14:54:49
39 verbose fetch to= /var/folders/hd/85vdrznn3w92k01yhln0c22r0000gp/T/npm-4664-LawKUgb2/registry.npmjs.org/commander/-/commander-2.5.1.tgz
40 http GET https://registry.npmjs.org/commander/-/commander-2.5.1.tgz
41 http 200 https://registry.npmjs.org/commander/-/commander-2.5.1.tgz
42 silly lockFile 542373fc-rg-commander-commander-2-5-1-tgz https://registry.npmjs.org/commander/-/commander-2.5.1.tgz
43 silly lockFile 542373fc-rg-commander-commander-2-5-1-tgz https://registry.npmjs.org/commander/-/commander-2.5.1.tgz
44 silly lockFile 68bccb41-commander-2-5-1 commander@2.5.1
45 silly lockFile 68bccb41-commander-2-5-1 commander@2.5.1
46 silly lockFile e5c00f5a-commander commander@
47 silly lockFile e5c00f5a-commander commander@
48 error Error: EACCES, mkdir '/Users/mike.mclaren/.npm/commander/2.5.1'
48 error  { [Error: EACCES, mkdir '/Users/mike.mclaren/.npm/commander/2.5.1']
48 error   errno: 3,
48 error   code: 'EACCES',
48 error   path: '/Users/mike.mclaren/.npm/commander/2.5.1',
48 error   parent: 'sql-materialized-view-documenter' }
49 error Please try running this command again as root/Administrator.
50 error System Darwin 14.0.0
51 error command "node" "/usr/local/bin/npm" "install" "commander" "--save"
52 error cwd /Users/mike.mclaren/Desktop/query
53 error node -v v0.10.33
54 error npm -v 1.4.28
55 error path /Users/mike.mclaren/.npm/commander/2.5.1
56 error code EACCES
57 error errno 3
58 error stack Error: EACCES, mkdir '/Users/mike.mclaren/.npm/commander/2.5.1'
59 verbose exit [ 3, true ]
